[debug] [2026-06-23T16:31:56.733Z] ----------------------------------------------------------------------
[debug] [2026-06-23T16:31:56.745Z] Command:       C:\Program Files\nodejs\node.exe C:\Users\HP\AppData\Roaming\npm\node_modules\firebase-tools\lib\bin\firebase.js init
[debug] [2026-06-23T16:31:56.746Z] CLI Version:   15.22.1
[debug] [2026-06-23T16:31:56.746Z] Platform:      win32
[debug] [2026-06-23T16:31:56.747Z] Node Version:  v20.10.0
[debug] [2026-06-23T16:31:56.747Z] Detected Agent: unknown
[debug] [2026-06-23T16:31:56.748Z] Time:          Tue Jun 23 2026 09:31:56 GMT-0700 (Pacific Daylight Time)
[debug] [2026-06-23T16:31:56.748Z] ----------------------------------------------------------------------
[debug] 
[debug] [2026-06-23T16:31:56.760Z] >>> [apiv2][query] GET https://firebase-public.firebaseio.com/cli.json [none]
[info] 
     ######## #### ########  ######## ########     ###     ######  ########
     ##        ##  ##     ## ##       ##     ##  ##   ##  ##       ##
     ######    ##  ########  ######   ########  #########  ######  ######
     ##        ##  ##    ##  ##       ##     ## ##     ##       ## ##
     ##       #### ##     ## ######## ########  ##     ##  ######  ########

You're about to initialize a Firebase project in this directory:

  C:\Users\HP\ANGULAR-REACT\InternetFibre

[debug] [2026-06-23T16:32:50.006Z] <<< [apiv2][status] GET https://firebase-public.firebaseio.com/cli.json 200
[debug] [2026-06-23T16:32:50.007Z] <<< [apiv2][body] GET https://firebase-public.firebaseio.com/cli.json {"cloudBuildErrorAfter":1594252800000,"cloudBuildWarnAfter":1590019200000,"defaultNode10After":1594252800000,"minVersion":"3.0.5","node8DeploysDisabledAfter":1613390400000,"node8RuntimeDisabledAfter":1615809600000,"node8WarnAfter":1600128000000}
[info] 
=== Project Setup
[info] 
[info] First, let's associate this project directory with a Firebase project.
[info] You can create multiple project aliases by running firebase use --add, 
[info] 
[debug] [2026-06-23T16:37:16.570Z] > command requires scopes: ["email","openid","https://www.googleapis.com/auth/cloudplatformprojects.readonly","https://www.googleapis.com/auth/firebase","https://www.googleapis.com/auth/cloud-platform"]
[debug] [2026-06-23T16:37:16.571Z] > authorizing via signed-in user (rosinamoroesi412@gmail.com)
[debug] [2026-06-23T16:37:16.576Z] Checked if tokens are valid: false, expires at: 1713650087783
[debug] [2026-06-23T16:37:16.576Z] Checked if tokens are valid: false, expires at: 1713650087783
[debug] [2026-06-23T16:37:16.577Z] > refreshing access token with scopes: []
[debug] [2026-06-23T16:37:16.581Z] >>> [apiv2][query] POST https://www.googleapis.com/oauth2/v3/token [none]
[debug] [2026-06-23T16:37:16.581Z] >>> [apiv2][body] POST https://www.googleapis.com/oauth2/v3/token [omitted]
[debug] [2026-06-23T16:37:17.366Z] <<< [apiv2][status] POST https://www.googleapis.com/oauth2/v3/token 400
[debug] [2026-06-23T16:37:17.367Z] <<< [apiv2][body] POST https://www.googleapis.com/oauth2/v3/token [omitted]
[debug] [2026-06-23T16:37:17.370Z] >>> [apiv2][query] GET https://firebase.googleapis.com/v1beta1/projects pageSize=100
[debug] [2026-06-23T16:37:17.885Z] <<< [apiv2][status] GET https://firebase.googleapis.com/v1beta1/projects 401
[debug] [2026-06-23T16:37:17.886Z] <<< [apiv2][body] GET https://firebase.googleapis.com/v1beta1/projects [omitted]
[debug] [2026-06-23T16:37:17.886Z] Got a 401 Unauthenticated error for a call that required authentication. Refreshing tokens.
[debug] [2026-06-23T16:37:17.887Z] Checked if tokens are valid: false, expires at: 1713650087783
[debug] [2026-06-23T16:37:17.888Z] Checked if tokens are valid: false, expires at: 1713650087783
[debug] [2026-06-23T16:37:17.889Z] > refreshing access token with scopes: []
[debug] [2026-06-23T16:37:17.892Z] >>> [apiv2][query] POST https://www.googleapis.com/oauth2/v3/token [none]
[debug] [2026-06-23T16:37:17.893Z] >>> [apiv2][body] POST https://www.googleapis.com/oauth2/v3/token [omitted]
[debug] [2026-06-23T16:37:18.178Z] <<< [apiv2][status] POST https://www.googleapis.com/oauth2/v3/token 400
[debug] [2026-06-23T16:37:18.179Z] <<< [apiv2][body] POST https://www.googleapis.com/oauth2/v3/token [omitted]
[debug] [2026-06-23T16:37:18.183Z] Request to https://firebase.googleapis.com/v1beta1/projects?pageSize=100 had HTTP Error: 401, Request had invalid authentication credentials. Expected OAuth 2 access token, login cookie or other valid authentication credential. See https://developers.google.com/identity/sign-in/web/devconsole-project.
[debug] [2026-06-23T16:37:18.638Z] FirebaseError: Request to https://firebase.googleapis.com/v1beta1/projects?pageSize=100 had HTTP Error: 401, Request had invalid authentication credentials. Expected OAuth 2 access token, login cookie or other valid authentication credential. See https://developers.google.com/identity/sign-in/web/devconsole-project.
    at responseToError (C:\Users\HP\AppData\Roaming\npm\node_modules\firebase-tools\lib\responseToError.js:53:12)
    at RetryOperation._fn (C:\Users\HP\AppData\Roaming\npm\node_modules\firebase-tools\lib\apiv2.js:333:77)
    at process.processTicksAndRejections (node:internal/process/task_queues:95:5)
[error] 
[error] Error: Failed to list Firebase projects. See firebase-debug.log for more info.
